29/29/2019 10:57:05
Ign:1 http://ftp.ru.debian.org/debian stretch InRelease
Hit:2 http://ftp.ru.debian.org/debian stretch-updates InRelease
Hit:3 http://security.debian.org/debian-security stretch/updates InRelease
Hit:4 http://ftp.ru.debian.org/debian stretch Release
Reading package lists...
Reading package lists...
Building dependency tree...
Reading state information...
Calculating upgrade...
The following packages were automatically installed and are no longer required:
  apache2-bin apache2-data apache2-utils libapr1 libaprutil1
  libaprutil1-dbd-sqlite3 libaprutil1-ldap libice6 liblua5.2-0 libsm6 libxmu6
  libxt6 x11-common
Use 'sudo apt autoremove' to remove them.
0 upgraded, 0 newly installed, 0 to remove and 0 not upgraded.



29/29/2019 11:30:33
29/29/2019 11:30:33
Reading package lists...Ign:1 http://ftp.ru.debian.org/debian stretch InRelease
Hit:2 http://ftp.ru.debian.org/debian stretch-updates InRelease
Hit:3 http://security.debian.org/debian-security stretch/updates InRelease
Hit:4 http://ftp.ru.debian.org/debian stretch Release

Reading package lists...
Building dependency tree...
Reading state information...
Calculating upgrade...
0 upgraded, 0 newly installed, 0 to remove and 0 not upgraded.



Reading package lists...
Reading package lists...
Building dependency tree...
Reading state information...
Calculating upgrade...
0 upgraded, 0 newly installed, 0 to remove and 0 not upgraded.



29/29/2019 16:22:47
29/29/2019 16:22:47
Reading package lists...Ign:1 http://ftp.ru.debian.org/debian stretch InRelease
Hit:2 http://ftp.ru.debian.org/debian stretch-updates InRelease
Hit:3 http://ftp.ru.debian.org/debian stretch Release
Get:4 http://security.debian.org/debian-security stretch/updates InRelease [94.3 kB]

Reading package lists...
Building dependency tree...
Reading state information...
Calculating upgrade...
0 upgraded, 0 newly installed, 0 to remove and 0 not upgraded.



Fetched 94.3 kB in 1s (56.4 kB/s)
Reading package lists...
Reading package lists...
Building dependency tree...
Reading state information...
Calculating upgrade...
0 upgraded, 0 newly installed, 0 to remove and 0 not upgraded.



29/29/2019 16:27:40
29/29/2019 16:27:40
Reading package lists...Ign:1 http://ftp.ru.debian.org/debian stretch InRelease
Hit:2 http://ftp.ru.debian.org/debian stretch-updates InRelease
Get:3 http://security.debian.org/debian-security stretch/updates InRelease [94.3 kB]
Hit:4 http://ftp.ru.debian.org/debian stretch Release

Reading package lists...
Building dependency tree...
Reading state information...
Calculating upgrade...
0 upgraded, 0 newly installed, 0 to remove and 0 not upgraded.



Fetched 94.3 kB in 1s (59.5 kB/s)
Reading package lists...
Reading package lists...
Building dependency tree...
Reading state information...
Calculating upgrade...
0 upgraded, 0 newly installed, 0 to remove and 0 not upgraded.



29/29/2019 16:36:24
29/29/2019 16:36:24
Reading package lists...Ign:1 http://ftp.ru.debian.org/debian stretch InRelease
Hit:2 http://ftp.ru.debian.org/debian stretch-updates InRelease
Get:3 http://security.debian.org/debian-security stretch/updates InRelease [94.3 kB]
Hit:4 http://ftp.ru.debian.org/debian stretch Release

Reading package lists...
Building dependency tree...
Reading state information...
Calculating upgrade...
0 upgraded, 0 newly installed, 0 to remove and 0 not upgraded.



Fetched 94.3 kB in 1s (66.8 kB/s)
Reading package lists...
Reading package lists...
Building dependency tree...
Reading state information...
Calculating upgrade...
0 upgraded, 0 newly installed, 0 to remove and 0 not upgraded.



29/29/2019 16:39:13
29/29/2019 16:39:13
Reading package lists...Ign:1 http://ftp.ru.debian.org/debian stretch InRelease
Hit:2 http://ftp.ru.debian.org/debian stretch-updates InRelease
Hit:3 http://security.debian.org/debian-security stretch/updates InRelease
Hit:4 http://ftp.ru.debian.org/debian stretch Release

Reading package lists...
Building dependency tree...
Reading state information...
Calculating upgrade...
0 upgraded, 0 newly installed, 0 to remove and 0 not upgraded.



Reading package lists...
Reading package lists...
Building dependency tree...
Reading state information...
Calculating upgrade...
0 upgraded, 0 newly installed, 0 to remove and 0 not upgraded.



29/29/2019 17:24:48
29/29/2019 17:24:48
Reading package lists...Ign:1 http://ftp.ru.debian.org/debian stretch InRelease
Hit:2 http://ftp.ru.debian.org/debian stretch-updates InRelease
Hit:3 http://security.debian.org/debian-security stretch/updates InRelease
Hit:4 http://ftp.ru.debian.org/debian stretch Release

Reading package lists...
Building dependency tree...
Reading state information...
Calculating upgrade...
0 upgraded, 0 newly installed, 0 to remove and 0 not upgraded.



Reading package lists...
Reading package lists...
Building dependency tree...
Reading state information...
Calculating upgrade...
0 upgraded, 0 newly installed, 0 to remove and 0 not upgraded.



29/29/2019 20:31:31
29/29/2019 20:31:31
Reading package lists...Ign:1 http://ftp.ru.debian.org/debian stretch InRelease
Get:2 http://ftp.ru.debian.org/debian stretch-updates InRelease [91.0 kB]
Hit:3 http://ftp.ru.debian.org/debian stretch Release
Get:4 http://security.debian.org/debian-security stretch/updates InRelease [94.3 kB]

Reading package lists...
Building dependency tree...
Reading state information...
Calculating upgrade...
0 upgraded, 0 newly installed, 0 to remove and 0 not upgraded.



Fetched 185 kB in 1s (113 kB/s)
Reading package lists...
Reading package lists...
Building dependency tree...
Reading state information...
Calculating upgrade...
0 upgraded, 0 newly installed, 0 to remove and 0 not upgraded.



29/29/2019 21:59:55
29/29/2019 21:59:55
Reading package lists...Ign:1 http://ftp.ru.debian.org/debian stretch InRelease
Hit:2 http://ftp.ru.debian.org/debian stretch-updates InRelease
Hit:3 http://security.debian.org/debian-security stretch/updates InRelease
Hit:4 http://ftp.ru.debian.org/debian stretch Release

Reading package lists...
Building dependency tree...
Reading state information...
Calculating upgrade...
0 upgraded, 0 newly installed, 0 to remove and 0 not upgraded.



Reading package lists...
Reading package lists...
Building dependency tree...
Reading state information...
Calculating upgrade...
0 upgraded, 0 newly installed, 0 to remove and 0 not upgraded.



30/30/2019 10:48:09
30/30/2019 10:48:09
Reading package lists...Get:1 http://security.debian.org/debian-security stretch/updates InRelease [94.3 kB]
Ign:2 http://ftp.ru.debian.org/debian stretch InRelease
Get:3 http://ftp.ru.debian.org/debian stretch-updates InRelease [91.0 kB]
Hit:4 http://ftp.ru.debian.org/debian stretch Release

Reading package lists...
Building dependency tree...
Reading state information...
Calculating upgrade...
0 upgraded, 0 newly installed, 0 to remove and 0 not upgraded.



Fetched 185 kB in 2s (65.0 kB/s)
Reading package lists...
Reading package lists...
Building dependency tree...
Reading state information...
Calculating upgrade...
0 upgraded, 0 newly installed, 0 to remove and 0 not upgraded.



03/03/2019 08:32:46
03/03/2019 08:32:46
Reading package lists...Ign:1 http://ftp.ru.debian.org/debian stretch InRelease
Get:2 http://ftp.ru.debian.org/debian stretch-updates InRelease [91.0 kB]
Get:3 http://security.debian.org/debian-security stretch/updates InRelease [94.3 kB]
Hit:4 http://ftp.ru.debian.org/debian stretch Release
Fetched 185 kB in 9s (18.9 kB/s)
Reading package lists...







